FILE_TYPE=LIBRARY_PARTS;
PRIMITIVE 'AOTA_B201610S3R3_101_T','AOTA_B201610S3R3_101_T_Other';
  PIN
    '1':
      PIN_NUMBER='(1)';
      NO_LOAD_CHECK=BOTH;
      NO_IO_CHECK=BOTH;
      ALLOW_CONNECT=TRUE;
      PINUSE='UNSPEC';
    '2':
      PIN_NUMBER='(2)';
      NO_LOAD_CHECK=BOTH;
      NO_IO_CHECK=BOTH;
      ALLOW_CONNECT=TRUE;
      PINUSE='UNSPEC';
  END_PIN;
  BODY
    PART_NAME='AOTA_B201610S3R3_101_T';
    PHYS_DES_PREFIX='L';
    NO_LOAD_CHECK='TRUE';
    PIN_COUNT='2';
    BODY_NAME='AOTA_B201610S3R3_101_T';
    JEDEC_TYPE='AOTAB201610S3R3101T';
  END_BODY;
END_PRIMITIVE;
END.
