Drill Listing
=============
Drill: .006  Tool: 1  Feed: 0  Speed: 0
X 2600  Y -2000
X -400  Y -1800
X -2000  Y -1800
X -500  Y 0
X -2000  Y 0
X -2000  Y 1800
X -400  Y 1800
X 2600  Y 1800

Drill: .008  Tool: 2  Feed: 0  Speed: 0
X -113500  Y -16500
X -126500  Y -16500
X -113500  Y -11000
X -126500  Y -11000
X -113500  Y -6500
X -126500  Y -6500
X -113500  Y 5000
X -126500  Y 5000
X -126500  Y 10000
X -113500  Y 10000
X -126500  Y 15000
X -113500  Y 15000
X -74000  Y 144000
X -68500  Y 132000
X -59500  Y 74500
X -56500  Y 32500
X -101000  Y 21000
X -94000  Y 21000
X -97500  Y 21000
X -53000  Y 20000
X -77000  Y 13000
X -77500  Y 6000
X -85000  Y 6000
X -85000  Y -6000
X -77500  Y -6000
X -97500  Y -20000
X -101500  Y -20000
X -93500  Y -20000
X -7500  Y -122000
X -5000  Y -113500
X -7000  Y -110000
X -7000  Y -106000
X -7000  Y -104000
X -7000  Y -23500
X -3000  Y -23500
X -9000  Y -23500
X -5000  Y -23500
X -30000  Y -17000
X -34000  Y -17000
X -26000  Y -17000
X -11500  Y -15500
X -13500  Y -15500
X -34000  Y -14500
X -30000  Y -14500
X -26000  Y -14500
X -13500  Y -13000
X -11500  Y -13000
X -5500  Y -6500
X -8000  Y -1500
X -5500  Y 5500
X -41500  Y 8500
X -30000  Y 13500
X -25000  Y 13500
X -20000  Y 13500
X -9000  Y 17500
X -7000  Y 17500
X -5000  Y 17500
X -3000  Y 17500
X -25000  Y 17500
X -20000  Y 17500
X -30000  Y 17500
X -4500  Y 30500
X -7000  Y 30500
X -37500  Y 75000
X -12500  Y 75000
X -34000  Y 141000
X -34000  Y 149000
X 10000  Y 75000
X 2500  Y 24000
X 16500  Y 13500
X 2500  Y 11000
X 5000  Y 9000
X 0  Y 9000
X 11000  Y 4000
X 11500  Y 1000
X 10000  Y -1500
X 11500  Y -4000
X 16500  Y -6500
X 6000  Y -9000
X 2500  Y -9500
X 9000  Y -13000
X 11500  Y -13000
X 9000  Y -15500
X 11500  Y -15500
X 7500  Y -23500
X 3500  Y -23500
X 5500  Y -23500
X 1500  Y -23500
X 9000  Y -97500
X 5000  Y -104000
X 5000  Y -106000
X 5000  Y -110000
X 32500  Y 75000
X 77500  Y 75000
X 55000  Y 75500
X 78000  Y 126000
X 99500  Y 123000
X 125000  Y 55000
X 125000  Y 35000
X 125000  Y 15000
X 125000  Y -5000
X 125000  Y -25000
X 105500  Y -38000
X 125000  Y -45000

Drill: .035  Tool: 3  Feed: 197  Speed: 550
X -57500  Y 132700
X -57500  Y 140600
X -57500  Y 148500
X 27500  Y 150000
X 37500  Y 150000
X -12500  Y 148500
X -12500  Y 140600
X 37500  Y 140000
X 27500  Y 140000
X -12500  Y 132700
X 47500  Y 140000
X 57500  Y 140000
X 67500  Y 140000
X 77500  Y 140000
X 87500  Y 140000
X 67500  Y 150000
X 57500  Y 150000
X 77500  Y 150000
X 47500  Y 150000
X 87500  Y 150000

Drill: .07  Tool: 4  Feed: 81  Speed: 550
X 132500  Y -90000
X -127500  Y 122500

Drill: .095  Tool: 5  Feed: 66  Speed: 550
X -70000  Y -110000
X -120000  Y -75000
X -120000  Y 75000
X 65000  Y -110000
X 100000  Y -110000
X 125000  Y 82500

Drill: .187  Tool: 6  Feed: 35  Speed: 1033
X -127500  Y -114000
X -127500  Y 146000
X 132500  Y 146000
X 132500  Y -114000

Drill: .215  Tool: 7  Feed: 0  Speed: 0
X -35000  Y -110000
X -120000  Y -40000
X -120000  Y 40000
X 30000  Y -110000

End of Listing
